{
  "RSpec": {
    "coverage": {
      "/home/vagrant/rails/ecm/ecm/ecm_suite/lib/ecm_suite.rb": [
        1
      ],
      "/home/vagrant/rails/ecm/ecm/ecm_suite/lib/ecm/suite.rb": [
        1,
        1,
        1,
        1,
        1,
        1,
        1,
        1,
        1,
        1,
        1,
        1,
        1,
        1,
        1,
        1,
        1,
        1,
        1,
        1,
        null,
        1,
        1,
        1,
        null,
        1,
        1,
        1,
        null,
        null
      ],
      "/home/vagrant/rails/ecm/ecm/ecm_blog/lib/ecm_blog.rb": [
        1,
        1,
        1,
        1,
        1,
        1,
        1,
        null,
        1,
        1
      ],
      "/home/vagrant/rails/ecm/ecm/ecm_blog/lib/ecm/blog.rb": [
        1,
        1,
        null,
        1,
        1,
        1,
        null,
        null
      ],
      "/home/vagrant/rails/ecm/ecm/ecm_blog/lib/ecm/blog/feature.rb": [
        1,
        1,
        1,
        1,
        0,
        null,
        null,
        null,
        null
      ],
      "/home/vagrant/rails/ecm/ecm/ecm_blog/lib/ecm/blog/configuration.rb": [
        1,
        1,
        1,
        null,
        1,
        1,
        1,
        1,
        1,
        null,
        null,
        2,
        2,
        2,
        2,
        2,
        2,
        1,
        0,
        null,
        null,
        1,
        2,
        null,
        null,
        null,
        null
      ],
      "/home/vagrant/rails/ecm/ecm/ecm_blog/lib/ecm/blog/engine.rb": [
        1,
        1,
        1,
        1,
        null,
        null,
        null
      ],
      "/home/vagrant/rails/ecm/ecm/ecm_blog_backend/lib/ecm_blog_backend.rb": [
        1,
        1,
        null,
        1,
        1
      ],
      "/home/vagrant/rails/gems/rao/rao-query/lib/rao-query.rb": [
        1
      ],
      "/home/vagrant/rails/gems/rao/rao-query/lib/rao/query.rb": [
        1,
        null,
        1,
        1,
        1,
        null,
        1,
        1,
        1,
        null,
        null
      ],
      "/home/vagrant/rails/gems/rao/rao-view_helper/lib/rao-view_helper.rb": [
        1
      ],
      "/home/vagrant/rails/gems/rao/rao-view_helper/lib/rao/view_helper.rb": [
        1,
        1,
        1,
        null,
        1,
        1,
        1,
        null,
        null
      ],
      "/home/vagrant/rails/gems/rao/rao-view_helper/lib/rao/view_helper/version.rb": [
        1,
        null,
        1,
        1,
        1,
        null,
        null
      ],
      "/home/vagrant/rails/gems/rao/rao-view_helper/lib/rao/view_helper/configuration.rb": [
        1,
        1,
        1,
        1,
        0,
        null,
        null,
        null,
        null
      ],
      "/home/vagrant/rails/gems/rao/rao-view_helper/lib/rao/view_helper/engine.rb": [
        1,
        1,
        1,
        1,
        null,
        null,
        null
      ],
      "/home/vagrant/rails/gems/rao/rao-query/lib/rao/query/version.rb": [
        1,
        null,
        1,
        1,
        1,
        null,
        null
      ],
      "/home/vagrant/rails/gems/rao/rao-query/lib/rao/query/configuration.rb": [
        1,
        1,
        1,
        1,
        0,
        null,
        null,
        2,
        null,
        null,
        null
      ],
      "/home/vagrant/rails/gems/rao/rao-query/lib/rao/query/engine.rb": [
        1,
        1,
        1,
        1,
        null,
        null,
        null
      ],
      "/home/vagrant/rails/ecm/ecm/ecm_blog_backend/lib/ecm/blog/backend.rb": [
        1,
        1,
        1,
        1,
        1,
        null,
        null,
        null
      ],
      "/home/vagrant/rails/ecm/ecm/ecm_blog_backend/lib/ecm/blog/backend/configuration.rb": [
        1,
        1,
        null,
        1,
        1,
        1,
        1,
        1,
        1,
        null,
        null,
        1,
        1,
        null,
        0,
        null,
        null,
        null,
        null,
        1,
        1,
        0,
        null,
        null,
        null,
        2,
        2,
        null,
        null,
        null,
        null
      ],
      "/home/vagrant/rails/ecm/ecm/ecm_blog_backend/lib/ecm/blog/backend/engine.rb": [
        1,
        1,
        1,
        1,
        1,
        null,
        null,
        null,
        null,
        null,
        null,
        null,
        null
      ],
      "/home/vagrant/rails/ecm/ecm/ecm_carousels/lib/ecm_carousels.rb": [
        1,
        1,
        1,
        null,
        1,
        null,
        1,
        null,
        1,
        1,
        null,
        1,
        1,
        1,
        null,
        1,
        2,
        null,
        null,
        null
      ],
      "/home/vagrant/rails/ecm/ecm/ecm_core/lib/ecm_core.rb": [
        1,
        1,
        1,
        1,
        1,
        1,
        null,
        1,
        1,
        null,
        1,
        1,
        1,
        null,
        1,
        1,
        null,
        1,
        1,
        0,
        null,
        null,
        null,
        null,
        1,
        null,
        null
      ],
      "/home/vagrant/rails/gems/administrador/lib/administrador.rb": [
        1,
        1,
        1,
        1,
        1,
        1,
        1,
        1,
        1,
        1,
        1,
        1,
        1,
        1,
        1,
        null,
        1,
        1,
        null
      ],
      "/home/vagrant/rails/gems/rao/rao-component/lib/rao-component.rb": [
        1,
        null,
        1,
        1
      ],
      "/home/vagrant/rails/gems/rao/rao-component/lib/rao/component.rb": [
        1,
        1,
        1,
        null,
        1,
        1,
        1,
        null,
        null
      ],
      "/home/vagrant/rails/gems/rao/rao-component/lib/rao/component/configuration.rb": [
        1,
        1,
        1,
        1,
        0,
        null,
        null,
        2,
        2,
        null,
        null,
        null
      ],
      "/home/vagrant/rails/gems/rao/rao-component/lib/rao/component/version.rb": [
        1,
        null,
        1,
        1,
        1,
        null,
        null
      ],
      "/home/vagrant/rails/gems/rao/rao-component/lib/rao/component/engine.rb": [
        1,
        1,
        1,
        1,
        null,
        null,
        null
      ],
      "/home/vagrant/rails/gems/rao/rao-resources_controller/lib/rao-resources_controller.rb": [
        1,
        1
      ],
      "/home/vagrant/rails/gems/rao/rao-resources_controller/lib/rao/resources_controller.rb": [
        1,
        1,
        1,
        null,
        1,
        1,
        1,
        null,
        null
      ],
      "/home/vagrant/rails/gems/rao/rao-resources_controller/lib/rao/resources_controller/configuration.rb": [
        1,
        1,
        1,
        1,
        0,
        null,
        null,
        null,
        null
      ],
      "/home/vagrant/rails/gems/rao/rao-resources_controller/lib/rao/resources_controller/version.rb": [
        1,
        null,
        1,
        1,
        1,
        null,
        null
      ],
      "/home/vagrant/rails/gems/rao/rao-resources_controller/lib/rao/resources_controller/engine.rb": [
        1,
        1,
        1,
        1,
        null,
        null,
        null
      ],
      "/home/vagrant/rails/gems/administrador/lib/administrador/feature.rb": [
        1,
        1,
        1,
        2,
        null,
        null,
        null
      ],
      "/home/vagrant/rails/gems/administrador/lib/administrador/configuration.rb": [
        1,
        1,
        1,
        1,
        null,
        null,
        2,
        2,
        2,
        2,
        null,
        1,
        9,
        null,
        null,
        1,
        2,
        null,
        null,
        1,
        72,
        null,
        null,
        null
      ],
      "/home/vagrant/rails/gems/administrador/lib/administrador/engine.rb": [
        1,
        1,
        1,
        null,
        null
      ],
      "/home/vagrant/rails/gems/administrador/lib/administrador/registered_engine.rb": [
        1,
        1,
        1,
        null,
        1,
        9,
        null,
        null,
        1,
        3564,
        null,
        null,
        1,
        1188,
        null,
        null,
        1,
        2376,
        null,
        null,
        1,
        1188,
        null,
        null,
        1,
        6864,
        null,
        null,
        1,
        5940,
        null,
        null,
        1,
        1188,
        1188,
        0,
        0,
        null,
        0,
        0,
        null,
        null,
        null,
        1,
        1188,
        0,
        null,
        1188,
        1188,
        null,
        null,
        null,
        1,
        1188,
        1188,
        0,
        0,
        null,
        0,
        0,
        null,
        null,
        null,
        null
      ],
      "/home/vagrant/rails/ecm/ecm/ecm_core/lib/ecm/core/configuration.rb": [
        1,
        1,
        null,
        1,
        1,
        1,
        1,
        1,
        null,
        null,
        2,
        2,
        2,
        null,
        null,
        null
      ],
      "/home/vagrant/rails/ecm/ecm/ecm_core/lib/ecm/core/engine.rb": [
        1,
        1,
        1,
        1,
        null,
        1,
        1,
        1,
        null,
        null,
        null,
        null,
        null,
        null
      ],
      "/home/vagrant/rails/ecm/ecm/ecm_carousels/lib/ecm/carousels/engine.rb": [
        1,
        1,
        1,
        1,
        null,
        null,
        null,
        null
      ],
      "/home/vagrant/rails/ecm/ecm/ecm_carousels/lib/ecm/carousels/configuration.rb": [
        1,
        1,
        1,
        null,
        1,
        1,
        1,
        1,
        0,
        null,
        null,
        null,
        null,
        null,
        null,
        null,
        null,
        null,
        null,
        null,
        null,
        null,
        null
      ],
      "/home/vagrant/rails/ecm/ecm/ecm_carousels_backend/lib/ecm_carousels_backend.rb": [
        1,
        1,
        null,
        1,
        1,
        null,
        1,
        1,
        1,
        null,
        1,
        null,
        null,
        null
      ],
      "/home/vagrant/rails/ecm/ecm/ecm_core_backend/lib/ecm_core_backend.rb": [
        1,
        null,
        1,
        1,
        null,
        1,
        null,
        1,
        1,
        1,
        null,
        null
      ],
      "/home/vagrant/rails/ecm/ecm/ecm_core_backend/lib/ecm/core/backend.rb": [
        1,
        1,
        null,
        1,
        1,
        1,
        1,
        null,
        null,
        null
      ],
      "/home/vagrant/rails/ecm/ecm/ecm_core_backend/lib/ecm/core/backend/configuration.rb": [
        1,
        1,
        null,
        1,
        1,
        1,
        1,
        1,
        0,
        null,
        null,
        1,
        1,
        null,
        null,
        0,
        null,
        null,
        null,
        1,
        1,
        0,
        null,
        null,
        null,
        2,
        2,
        null,
        1,
        0,
        0,
        0,
        0,
        null,
        null,
        1,
        null,
        null,
        null,
        1,
        null,
        null,
        1,
        0,
        null,
        null,
        null,
        null,
        null
      ],
      "/home/vagrant/rails/ecm/ecm/ecm_core_backend/lib/ecm/core/backend/engine.rb": [
        1,
        1,
        1,
        1,
        1,
        null,
        null,
        null,
        null
      ],
      "/home/vagrant/rails/ecm/ecm/ecm_carousels_backend/lib/ecm/carousels/backend/configuration.rb": [
        1,
        1,
        1,
        0,
        null,
        null,
        1,
        1,
        null,
        null,
        1,
        1,
        null,
        null,
        null
      ],
      "/home/vagrant/rails/ecm/ecm/ecm_carousels_backend/lib/ecm/carousels/backend/engine.rb": [
        1,
        1,
        1,
        null,
        null
      ],
      "/home/vagrant/rails/ecm/ecm/ecm_cms2/lib/ecm_cms2.rb": [
        1,
        1,
        1,
        null,
        1,
        1,
        1,
        1,
        1,
        1,
        null,
        1,
        1,
        null,
        1,
        null,
        1,
        1,
        1,
        null,
        1,
        1,
        1,
        null,
        1,
        null,
        1,
        1,
        1,
        null,
        1,
        7,
        null,
        null,
        null
      ],
      "/home/vagrant/rails/ecm/ecm/ecm_cms2/lib/ecm/cms/action_view/template/handlers/textile.rb": [
        1,
        1,
        1,
        1,
        null,
        1,
        0,
        null,
        null,
        1,
        0,
        0,
        null,
        null,
        null
      ],
      "/home/vagrant/rails/ecm/ecm/ecm_cms2/lib/ecm/cms/action_view/template_patch.rb": [
        1,
        1,
        1,
        1,
        1,
        null,
        1,
        null,
        1,
        116,
        116,
        null,
        null,
        null,
        null,
        null,
        null,
        1
      ],
      "/home/vagrant/rails/ecm/ecm/ecm_cms2/lib/ecm/cms/action_view/template_renderer_patch.rb": [
        1,
        1,
        1,
        1,
        1,
        1,
        0,
        0,
        0,
        0,
        0,
        0,
        null,
        0,
        0,
        0,
        null,
        null,
        0,
        0,
        null,
        0,
        null,
        1,
        0,
        0,
        0,
        0,
        null,
        0,
        null,
        0,
        null,
        0,
        0,
        null,
        0,
        null,
        null,
        null,
        null,
        null,
        null,
        null,
        1
      ],
      "/home/vagrant/rails/ecm/ecm/ecm_cms2/lib/ecm/cms/engine.rb": [
        1,
        1,
        1,
        1,
        null,
        1,
        1,
        null,
        null,
        1,
        1,
        null,
        null,
        null,
        null,
        null
      ],
      "/home/vagrant/rails/ecm/ecm/ecm_cms2/lib/ecm/cms/configuration.rb": [
        1,
        1,
        1,
        null,
        1,
        1,
        1,
        1,
        1,
        null,
        null,
        1,
        1,
        null,
        null,
        1,
        1,
        null,
        null,
        1,
        1,
        null,
        null,
        1,
        1,
        null,
        null,
        2,
        null,
        1,
        1,
        null,
        null,
        null,
        null
      ],
      "/home/vagrant/rails/ecm/ecm/ecm_cms2/lib/ecm/cms/database_template.rb": [
        1,
        1,
        1,
        1,
        3,
        null,
        null,
        3,
        null,
        null,
        null,
        null,
        null,
        3,
        3,
        3,
        null,
        null,
        3,
        null,
        3,
        3,
        null,
        null,
        3,
        null,
        null,
        3,
        null,
        null,
        1,
        null,
        null,
        1,
        24,
        null,
        null,
        1,
        33,
        33,
        33,
        33,
        33,
        null,
        null,
        1,
        24,
        null,
        null,
        1,
        null,
        1,
        32,
        26,
        null,
        null,
        1,
        26,
        26,
        null,
        null,
        1,
        69,
        37,
        37,
        null,
        null,
        null,
        null,
        null
      ],
      "/home/vagrant/rails/ecm/ecm/ecm_cms2/lib/ecm/cms/resolvers/ecm/cms/page_resolver.rb": [
        1,
        null,
        1,
        1,
        1,
        1,
        1,
        null,
        null,
        1,
        null,
        1,
        0,
        0,
        null,
        0,
        0,
        null,
        null,
        0,
        0,
        null,
        0,
        null,
        0,
        null,
        null,
        1,
        30,
        null,
        null,
        1,
        30,
        null,
        null,
        1,
        30,
        null,
        null,
        1,
        null,
        1,
        0,
        null,
        0,
        null,
        0,
        null,
        null,
        null,
        1,
        0,
        null,
        0,
        null,
        0,
        null,
        null,
        null,
        null,
        null
      ],
      "/home/vagrant/rails/ecm/ecm/ecm_cms2/lib/ecm/cms/database_resolver.rb": [
        1,
        1,
        1,
        null,
        1,
        3,
        null,
        null,
        null,
        1,
        null,
        null,
        null,
        1,
        65,
        null,
        30,
        null,
        null,
        null,
        null,
        null,
        null,
        null,
        30,
        30,
        null,
        30,
        null,
        null,
        30,
        null,
        null,
        30,
        null,
        null,
        30,
        null,
        null,
        30,
        null,
        null,
        30,
        0,
        null,
        null,
        null,
        null,
        1,
        0,
        0,
        0,
        null,
        null,
        null,
        0,
        0,
        0,
        null,
        0,
        null,
        null,
        null,
        null,
        null,
        0,
        null,
        0,
        null,
        null,
        1,
        30,
        30,
        30,
        30,
        null,
        null,
        null,
        1,
        90,
        null,
        null,
        1,
        0,
        null,
        null,
        1,
        0,
        null,
        null,
        1,
        0,
        null,
        null,
        1,
        0,
        null,
        null,
        null,
        null
      ],
      "/home/vagrant/rails/ecm/ecm/ecm_cms2/lib/ecm/cms/resolvers/ecm/cms/template_resolver.rb": [
        1,
        null,
        1,
        1,
        1,
        1,
        1,
        null,
        null,
        1,
        null,
        1,
        0,
        null,
        null,
        1,
        0,
        null,
        null,
        1,
        0,
        null,
        null,
        1,
        0,
        null,
        null,
        null,
        null
      ],
      "/home/vagrant/rails/ecm/ecm/ecm_cms2/lib/ecm/cms/resolvers/ecm/cms/partial_resolver.rb": [
        1,
        null,
        1,
        1,
        1,
        1,
        1,
        null,
        null,
        1,
        null,
        1,
        0,
        null,
        null,
        1,
        0,
        null,
        null,
        1,
        0,
        null,
        null,
        1,
        35,
        null,
        null,
        null,
        null
      ],
      "/home/vagrant/rails/ecm/ecm/ecm_cms2/lib/ecm/cms/controller_extensions/page_resolver.rb": [
        1,
        1,
        1,
        1,
        1,
        null,
        1,
        null,
        null,
        null,
        null,
        null
      ],
      "/home/vagrant/rails/ecm/ecm/ecm_cms2/lib/ecm/cms/controller_extensions/partial_resolver.rb": [
        1,
        1,
        1,
        1,
        1,
        null,
        1,
        null,
        null,
        null,
        null,
        null
      ],
      "/home/vagrant/rails/ecm/ecm/ecm_cms2/lib/ecm/cms/controller_extensions/template_resolver.rb": [
        1,
        1,
        1,
        1,
        1,
        null,
        0,
        null,
        null,
        null,
        null,
        null
      ],
      "/home/vagrant/rails/ecm/ecm/ecm_cms2_backend/lib/ecm_cms2_backend.rb": [
        1,
        1,
        null,
        null,
        null,
        null,
        null,
        1,
        1
      ],
      "/home/vagrant/rails/ecm/ecm/ecm_cms2_backend/lib/ecm/cms/backend.rb": [
        1,
        null,
        1,
        1,
        1,
        1,
        null,
        null,
        null
      ],
      "/home/vagrant/rails/ecm/ecm/ecm_cms2_backend/lib/ecm/cms/backend/configuration.rb": [
        1,
        1,
        null,
        1,
        1,
        1,
        1,
        1,
        1,
        null,
        null,
        1,
        1,
        null,
        null,
        1,
        1,
        null,
        null,
        null,
        null,
        null
      ],
      "/home/vagrant/rails/ecm/ecm/ecm_cms2_backend/lib/ecm/cms/backend/engine.rb": [
        1,
        1,
        1,
        1,
        1,
        null,
        1,
        1,
        null,
        null,
        null,
        null,
        null,
        null
      ],
      "/home/vagrant/rails/ecm/ecm/ecm_contact2/lib/ecm_contact2.rb": [
        1,
        null,
        1,
        1,
        null,
        1,
        1,
        1,
        null,
        null
      ],
      "/home/vagrant/rails/ecm/ecm/ecm_contact2/lib/ecm/contact/configuration.rb": [
        1,
        1,
        null,
        1,
        1,
        1,
        1,
        1,
        null,
        null,
        1,
        1,
        null,
        null,
        1,
        1,
        null,
        null,
        1,
        1,
        null,
        null,
        1,
        1,
        null,
        null,
        1,
        1,
        null,
        null,
        1,
        1,
        null,
        null,
        1,
        1,
        null,
        null,
        1,
        1,
        null,
        null,
        1,
        1,
        null,
        null,
        1,
        1,
        null,
        null,
        1,
        1,
        null,
        null,
        1,
        1,
        null,
        null,
        null,
        null
      ],
      "/home/vagrant/rails/ecm/ecm/ecm_contact2/lib/ecm/contact/engine.rb": [
        1,
        1,
        1,
        1,
        null,
        1,
        1,
        1,
        null,
        null,
        null,
        null,
        null,
        null,
        null,
        null
      ],
      "/home/vagrant/rails/ecm/ecm/ecm_contact2_backend/lib/ecm_contact2_backend.rb": [
        1,
        1,
        null,
        1,
        1,
        null,
        1,
        1,
        1,
        1,
        null,
        null,
        null
      ],
      "/home/vagrant/rails/ecm/ecm/ecm_contact2_backend/lib/ecm/contact/backend/configuration.rb": [
        1,
        1,
        null,
        1,
        1,
        1,
        1,
        1,
        1,
        null,
        null,
        1,
        1,
        null,
        null,
        0,
        null,
        null,
        null,
        1,
        1,
        0,
        null,
        null,
        null,
        null,
        null,
        null
      ],
      "/home/vagrant/rails/ecm/ecm/ecm_contact2_backend/lib/ecm/contact/backend/engine.rb": [
        1,
        1,
        1,
        1,
        1,
        null,
        1,
        1,
        1,
        1,
        1,
        null,
        null,
        null,
        null,
        null
      ],
      "/home/vagrant/rails/ecm/ecm/ecm_files/lib/ecm_files.rb": [
        1,
        1,
        1,
        1,
        null,
        1,
        1,
        null,
        1,
        null,
        1,
        null
      ],
      "/home/vagrant/rails/ecm/ecm/ecm_files/lib/ecm/files/configuration.rb": [
        1,
        1,
        1,
        1,
        null,
        null,
        2,
        null,
        null
      ],
      "/home/vagrant/rails/ecm/ecm/ecm_files/lib/ecm/files/engine.rb": [
        1,
        1,
        1,
        null,
        1,
        1,
        1,
        null,
        null,
        null,
        1,
        null,
        null
      ],
      "/home/vagrant/rails/ecm/ecm/ecm_files_backend/lib/ecm_files_backend.rb": [
        null,
        1,
        1,
        null,
        1,
        1,
        null,
        1,
        1,
        null
      ],
      "/home/vagrant/rails/ecm/ecm/ecm_files_backend/lib/ecm/files/backend/configuration.rb": [
        1,
        1,
        1,
        1,
        null,
        null,
        1,
        1,
        null,
        0,
        null,
        null,
        null,
        null,
        null,
        1,
        1,
        0,
        null,
        null,
        null,
        null
      ],
      "/home/vagrant/rails/ecm/ecm/ecm_files_backend/lib/ecm/files/backend/engine.rb": [
        1,
        1,
        1,
        null,
        null
      ],
      "/home/vagrant/rails/ecm/ecm/ecm_galleries/lib/ecm_galleries.rb": [
        1,
        1,
        1,
        1,
        1,
        1,
        null,
        1,
        1,
        null,
        1,
        null,
        1,
        null
      ],
      "/home/vagrant/rails/ecm/ecm/ecm_galleries/lib/ecm/galleries/configuration.rb": [
        1,
        1,
        1,
        1,
        null,
        null,
        2,
        2,
        2,
        2,
        null,
        null
      ],
      "/home/vagrant/rails/ecm/ecm/ecm_galleries/lib/ecm/galleries/engine.rb": [
        1,
        1,
        1,
        null,
        1,
        1,
        1,
        null,
        null,
        null,
        1,
        null,
        null
      ],
      "/home/vagrant/rails/ecm/ecm/ecm_galleries_backend/lib/ecm_galleries_backend.rb": [
        null,
        null,
        1,
        1,
        null,
        1,
        1,
        null,
        1,
        null,
        1,
        null
      ],
      "/home/vagrant/rails/ecm/ecm/ecm_galleries_backend/lib/ecm/galleries/backend/configuration.rb": [
        1,
        1,
        1,
        1,
        null,
        null,
        1,
        1,
        null,
        0,
        null,
        null,
        null,
        null,
        null,
        1,
        1,
        0,
        null,
        null,
        null,
        null
      ],
      "/home/vagrant/rails/ecm/ecm/ecm_galleries_backend/lib/ecm/galleries/backend/engine.rb": [
        1,
        1,
        1,
        null,
        null
      ],
      "/home/vagrant/rails/ecm/ecm/ecm_links2/lib/ecm_links2.rb": [
        1,
        1,
        1,
        1,
        1,
        1,
        1,
        null,
        1,
        1,
        null
      ],
      "/home/vagrant/rails/ecm/ecm/ecm_links2/lib/ecm/links.rb": [
        1,
        null,
        1,
        1,
        1,
        null,
        1,
        2,
        null,
        null,
        null
      ],
      "/home/vagrant/rails/ecm/ecm/ecm_links2/lib/ecm/links/configuration.rb": [
        1,
        1,
        1,
        null,
        1,
        1,
        1,
        1,
        1,
        null,
        null,
        1,
        1,
        null,
        null,
        1,
        1,
        null,
        null,
        1,
        1,
        null,
        null,
        1,
        1,
        null,
        null,
        1,
        1,
        null,
        null,
        null,
        null
      ],
      "/home/vagrant/rails/ecm/ecm/ecm_links2/lib/ecm/links/engine.rb": [
        1,
        1,
        1,
        1,
        null,
        null,
        null,
        null
      ],
      "/home/vagrant/rails/ecm/ecm/ecm_links2_backend/lib/ecm_links2_backend.rb": [
        null,
        1,
        1,
        null,
        null,
        null,
        null,
        null,
        null,
        1,
        1
      ],
      "/home/vagrant/rails/ecm/ecm/ecm_links2_backend/lib/ecm/links/backend.rb": [
        1,
        null,
        1,
        1,
        1,
        1,
        null,
        null,
        null
      ],
      "/home/vagrant/rails/ecm/ecm/ecm_links2_backend/lib/ecm/links/backend/configuration.rb": [
        1,
        1,
        null,
        1,
        1,
        1,
        1,
        1,
        1,
        null,
        null,
        1,
        1,
        null,
        null,
        1,
        1,
        null,
        null,
        null,
        null,
        null
      ],
      "/home/vagrant/rails/ecm/ecm/ecm_links2_backend/lib/ecm/links/backend/engine.rb": [
        1,
        1,
        1,
        1,
        1,
        null,
        1,
        1,
        1,
        null,
        null,
        null,
        null,
        null
      ],
      "/home/vagrant/rails/ecm/ecm/ecm_rbac/lib/ecm_rbac.rb": [
        1,
        null,
        1,
        1
      ],
      "/home/vagrant/rails/ecm/ecm/ecm_rbac/lib/ecm/rbac.rb": [
        1,
        null,
        1,
        1,
        1,
        null,
        1,
        4,
        null,
        null,
        null
      ],
      "/home/vagrant/rails/ecm/ecm/ecm_rbac/lib/ecm/rbac/configuration.rb": [
        1,
        1,
        null,
        1,
        1,
        1,
        1,
        1,
        null,
        null,
        2,
        null,
        2,
        null,
        1,
        283,
        null,
        null,
        null,
        null
      ],
      "/home/vagrant/rails/ecm/ecm/ecm_rbac/lib/ecm/rbac/engine.rb": [
        1,
        1,
        1,
        1,
        null,
        null,
        null,
        null
      ],
      "/home/vagrant/rails/ecm/ecm/ecm_rbac_backend/lib/ecm_rbac_backend.rb": [
        1,
        1,
        null,
        1,
        1
      ],
      "/home/vagrant/rails/ecm/ecm/ecm_rbac_backend/lib/ecm/rbac/backend.rb": [
        1,
        null,
        1,
        1,
        1,
        1,
        null,
        null,
        null
      ],
      "/home/vagrant/rails/ecm/ecm/ecm_rbac_backend/lib/ecm/rbac/backend/configuration.rb": [
        1,
        1,
        null,
        1,
        1,
        1,
        1,
        1,
        1,
        null,
        null,
        1,
        1,
        null,
        null,
        1,
        1,
        null,
        null,
        null,
        null,
        null
      ],
      "/home/vagrant/rails/ecm/ecm/ecm_rbac_backend/lib/ecm/rbac/backend/engine.rb": [
        1,
        1,
        1,
        1,
        1,
        null,
        null,
        null,
        null
      ],
      "/home/vagrant/rails/ecm/ecm/ecm_tags/lib/ecm_tags.rb": [
        1,
        1,
        1,
        1,
        null,
        1,
        1,
        null,
        null,
        null,
        null,
        null,
        null,
        null,
        null,
        null,
        null,
        null,
        null,
        null,
        null
      ],
      "/home/vagrant/rails/ecm/ecm/ecm_tags/lib/ecm/tags.rb": [
        1,
        null,
        1,
        1,
        1,
        null,
        null
      ],
      "/home/vagrant/rails/ecm/ecm/ecm_tags/lib/ecm/tags/configuration.rb": [
        1,
        1,
        1,
        null,
        1,
        1,
        1,
        1,
        1,
        null,
        2,
        2,
        2,
        2,
        null,
        1,
        1,
        null,
        null,
        null,
        null
      ],
      "/home/vagrant/rails/ecm/ecm/ecm_tags/lib/ecm/tags/engine.rb": [
        1,
        1,
        1,
        1,
        null,
        null,
        null,
        null
      ],
      "/home/vagrant/rails/ecm/ecm/ecm_tags_backend/lib/ecm_tags_backend.rb": [
        1,
        1,
        null,
        1,
        1
      ],
      "/home/vagrant/rails/ecm/ecm/ecm_tags_backend/lib/ecm/tags/backend.rb": [
        1,
        null,
        1,
        1,
        1,
        1,
        null,
        null,
        null
      ],
      "/home/vagrant/rails/ecm/ecm/ecm_tags_backend/lib/ecm/tags/backend/configuration.rb": [
        1,
        1,
        null,
        1,
        1,
        1,
        1,
        1,
        1,
        null,
        null,
        1,
        1,
        null,
        null,
        1,
        1,
        null,
        null,
        2,
        2,
        null,
        1,
        2,
        null,
        null,
        1,
        2,
        null,
        null,
        null,
        null,
        null
      ],
      "/home/vagrant/rails/ecm/ecm/ecm_tags_backend/lib/ecm/tags/backend/engine.rb": [
        1,
        1,
        1,
        1,
        1,
        null,
        null,
        null,
        null
      ],
      "/home/vagrant/rails/ecm/ecm/ecm_user_area2/lib/ecm_user_area2.rb": [
        1,
        1,
        1,
        1,
        null,
        1,
        1,
        null,
        1,
        1,
        1,
        null,
        1,
        1,
        null,
        null,
        1,
        1,
        null,
        1,
        1,
        0,
        null,
        null,
        1,
        0,
        null,
        null,
        null,
        null,
        1,
        null,
        null
      ],
      "/home/vagrant/rails/ecm/ecm/ecm_user_area2/lib/ecm/user_area/engine.rb": [
        1,
        1,
        1,
        1,
        null,
        null,
        null,
        null
      ],
      "/home/vagrant/rails/ecm/ecm/ecm_user_area2/lib/ecm/user_area/configuration.rb": [
        1,
        1,
        1,
        null,
        1,
        1,
        1,
        1,
        1,
        null,
        null,
        2,
        2,
        2,
        2,
        1,
        1,
        0,
        0,
        null,
        null,
        2,
        1,
        1,
        0,
        null,
        null,
        2,
        2,
        null,
        null,
        null
      ],
      "/home/vagrant/rails/ecm/ecm/ecm_user_area2_backend/lib/ecm_user_area2_backend.rb": [
        1,
        1,
        null,
        1,
        1
      ],
      "/home/vagrant/rails/ecm/ecm/ecm_user_area2_backend/lib/ecm/user_area/backend.rb": [
        1,
        null,
        1,
        1,
        1,
        1,
        null,
        null,
        null
      ],
      "/home/vagrant/rails/ecm/ecm/ecm_user_area2_backend/lib/ecm/user_area/backend/configuration.rb": [
        1,
        1,
        null,
        1,
        1,
        1,
        1,
        1,
        1,
        null,
        null,
        1,
        1,
        null,
        null,
        1,
        1,
        null,
        null,
        null,
        null,
        null
      ],
      "/home/vagrant/rails/ecm/ecm/ecm_user_area2_backend/lib/ecm/user_area/backend/engine.rb": [
        1,
        1,
        1,
        1,
        1,
        null,
        1,
        1,
        1,
        null,
        null,
        null,
        null,
        null
      ],
      "/home/vagrant/rails/ecm/ecm/ecm_suite/lib/ecm/suite/configuration.rb": [
        1,
        1,
        1,
        1,
        1,
        null,
        null,
        1,
        12,
        null,
        null,
        1,
        0,
        null,
        null,
        1,
        0,
        null,
        null,
        null,
        null
      ],
      "/home/vagrant/rails/ecm/ecm/ecm_suite/lib/ecm/suite/engine.rb": [
        1,
        1,
        1,
        1,
        null,
        null,
        null
      ],
      "/home/vagrant/rails/ecm/ecm/ecm_sliders2/lib/ecm_sliders2.rb": [
        1,
        1,
        1,
        1,
        1,
        1,
        1,
        null,
        1,
        1,
        null,
        1,
        1,
        1,
        null,
        1,
        2,
        null,
        null,
        null
      ],
      "/home/vagrant/rails/ecm/ecm/ecm_sliders2/lib/ecm/sliders/engine.rb": [
        1,
        1,
        1,
        1,
        null,
        null,
        null
      ],
      "/home/vagrant/rails/ecm/ecm/ecm_sliders2/lib/ecm/sliders/configuration.rb": [
        1,
        1,
        1,
        null,
        1,
        1,
        1,
        1,
        1,
        null,
        null,
        1,
        null,
        1,
        null,
        2,
        null,
        2,
        null,
        1,
        null,
        null,
        null
      ],
      "/home/vagrant/rails/ecm/ecm/ecm_sliders2_backend/lib/ecm_sliders2_backend.rb": [
        1,
        1,
        null,
        1,
        1,
        null,
        1,
        1,
        1,
        null,
        1,
        null,
        null,
        null
      ],
      "/home/vagrant/rails/ecm/ecm/ecm_sliders2_backend/lib/ecm/sliders/backend/configuration.rb": [
        1,
        1,
        1,
        1,
        null,
        null,
        1,
        1,
        null,
        null,
        1,
        1,
        null,
        null,
        null
      ],
      "/home/vagrant/rails/ecm/ecm/ecm_sliders2_backend/lib/ecm/sliders/backend/engine.rb": [
        1,
        1,
        1,
        null,
        null
      ],
      "/home/vagrant/rails/gems/rao/rao-resource_controller/lib/rao-resource_controller.rb": [
        1,
        1
      ],
      "/home/vagrant/rails/gems/rao/rao-resource_controller/lib/rao/resource_controller.rb": [
        1,
        1,
        1,
        null,
        1,
        1,
        1,
        null,
        null
      ],
      "/home/vagrant/rails/gems/rao/rao-resource_controller/lib/rao/resource_controller/configuration.rb": [
        1,
        1,
        1,
        1,
        0,
        null,
        null,
        2,
        null,
        null,
        null
      ],
      "/home/vagrant/rails/gems/rao/rao-resource_controller/lib/rao/resource_controller/version.rb": [
        1,
        null,
        1,
        1,
        1,
        null,
        null
      ],
      "/home/vagrant/rails/gems/rao/rao-resource_controller/lib/rao/resource_controller/engine.rb": [
        1,
        1,
        1,
        1,
        null,
        null,
        null
      ],
      "/home/vagrant/rails/gems/rao/rao-shoulda_matchers/lib/rao-shoulda_matchers.rb": [
        1
      ],
      "/home/vagrant/rails/gems/rao/rao-shoulda_matchers/lib/rao/shoulda_matchers.rb": [
        1,
        null,
        1,
        null,
        null,
        null,
        null,
        null,
        null,
        null,
        null,
        1,
        null,
        null
      ],
      "/home/vagrant/rails/gems/rao/rao-view_helper/config/initializers/hook_into_action_controller_base.rb": [
        1,
        2,
        null,
        null,
        null,
        null
      ],
      "/home/vagrant/rails/gems/rao/rao-view_helper/app/concerns/rao/view_helper/controller_concern.rb": [
        1,
        1,
        1,
        1,
        null,
        1,
        1,
        5,
        5,
        1538,
        null,
        5,
        null,
        null,
        null,
        null,
        null
      ],
      "/home/vagrant/rails/ecm/ecm/ecm_blog_backend/config/initializers/assets.rb": [
        1,
        1
      ],
      "/home/vagrant/rails/gems/administrador/config/initializers/localized_engines_fix.rb": [
        1,
        1,
        null
      ],
      "/home/vagrant/rails/ecm/ecm/ecm_core/config/initializers/assets.rb": [
        1,
        1
      ],
      "/home/vagrant/rails/ecm/ecm/ecm_core_backend/config/initializers/assets.rb": [
        1,
        1
      ],
      "/home/vagrant/rails/ecm/ecm/ecm_carousels_backend/config/initializers/assets.rb": [
        1
      ],
      "/home/vagrant/rails/ecm/ecm/ecm_cms2/config/initializers/assets.rb": [
        1
      ],
      "/home/vagrant/rails/ecm/ecm/ecm_cms2/config/initializers/mime_types.rb": [
        1
      ],
      "/home/vagrant/rails/ecm/ecm/ecm_cms2/config/initializers/simple_navigation.rb": [
        1
      ],
      "/home/vagrant/rails/ecm/ecm/ecm_cms2_backend/config/initializers/assets.rb": [
        1,
        1
      ],
      "/home/vagrant/rails/ecm/ecm/ecm_contact2_backend/config/initializers/assets.rb": [
        1,
        1
      ],
      "/home/vagrant/rails/ecm/ecm/ecm_files/config/initializers/assets.rb": [
        1
      ],
      "/home/vagrant/rails/ecm/ecm/ecm_files_backend/config/initializers/assets.rb": [
        1
      ],
      "/home/vagrant/rails/ecm/ecm/ecm_galleries/config/initializers/assets.rb": [
        1
      ],
      "/home/vagrant/rails/ecm/ecm/ecm_galleries_backend/config/initializers/assets.rb": [
        1
      ],
      "/home/vagrant/rails/ecm/ecm/ecm_rbac/config/initializers/inject_user_concern.rb": [
        1,
        1,
        1,
        1,
        1,
        null,
        null,
        0,
        null,
        null
      ],
      "/home/vagrant/rails/ecm/ecm/ecm_rbac_backend/config/initializers/assets.rb": [
        1,
        1
      ],
      "/home/vagrant/rails/ecm/ecm/ecm_tags/config/initializers/assets.rb": [

      ],
      "/home/vagrant/rails/ecm/ecm/ecm_tags/config/initializers/inject_taggable_concern.rb": [
        1,
        1,
        0,
        0,
        null,
        null
      ],
      "/home/vagrant/rails/ecm/ecm/ecm_tags_backend/config/initializers/assets.rb": [
        1,
        1
      ],
      "/home/vagrant/rails/ecm/ecm/ecm_sliders2_backend/config/initializers/assets.rb": [
        1
      ],
      "/home/vagrant/rails/ecm/ecm/ecm_tags/app/helpers/ecm/tags/application_helper.rb": [
        1,
        1,
        1,
        1,
        0,
        0,
        null,
        null,
        1,
        0,
        null,
        null,
        null,
        null
      ],
      "/home/vagrant/rails/ecm/ecm/ecm_user_area2/app/concerns/ecm/user_area/controller/redirect_back_concern.rb": [
        1,
        1,
        1,
        1,
        1,
        null,
        1,
        null,
        1,
        0,
        null,
        null,
        1,
        0,
        0,
        null,
        null,
        1,
        0,
        null,
        null,
        1,
        0,
        null,
        null,
        1,
        0,
        null,
        null,
        null,
        null,
        null
      ],
      "/home/vagrant/rails/ecm/ecm/ecm_user_area2/app/concerns/ecm/user_area/controller/current_user_concern.rb": [
        1,
        1,
        1,
        1,
        1,
        null,
        1,
        1,
        null,
        null,
        1,
        null,
        1,
        0,
        null,
        null,
        1,
        180,
        0,
        0,
        0,
        null,
        180,
        null,
        null,
        1,
        360,
        180,
        null,
        null,
        1,
        182,
        180,
        null,
        null,
        1,
        0,
        null,
        null,
        1,
        180,
        null,
        null,
        1,
        0,
        0,
        null,
        null,
        1,
        0,
        0,
        0,
        null,
        null,
        1,
        0,
        0,
        0,
        null,
        null,
        null,
        null,
        null,
        null
      ],
      "/home/vagrant/rails/gems/administrador/app/concerns/administrador/engine_routable/localized_concern.rb": [
        1,
        1,
        null,
        null,
        null,
        null,
        null,
        null,
        1,
        1,
        6996,
        null,
        6996,
        6996,
        null,
        0,
        null,
        null,
        null,
        null,
        null
      ],
      "/home/vagrant/rails/ecm/ecm/ecm_user_area2/app/models/ecm/user_area/user.rb": [
        1,
        null,
        1,
        1,
        1,
        1,
        null,
        1,
        1,
        null,
        1,
        0,
        null,
        0,
        null,
        0,
        null,
        0,
        null,
        0,
        null,
        null,
        null,
        1,
        0,
        null,
        null,
        1,
        23,
        null,
        null,
        1,
        1,
        null,
        1,
        null,
        null,
        null,
        null,
        null,
        1,
        null,
        null,
        null,
        null,
        null,
        null,
        null,
        null,
        null,
        null,
        null,
        null,
        null,
        null,
        null,
        null,
        null,
        null,
        null,
        null,
        null,
        1,
        null,
        null,
        null,
        null,
        null,
        1,
        null,
        null,
        null,
        null,
        null,
        null,
        null,
        1,
        null,
        null,
        null
      ],
      "/home/vagrant/rails/ecm/ecm/ecm_rbac/app/models/concerns/model/ecm/rbac/user_concern.rb": [
        1,
        1,
        1,
        1,
        1,
        null,
        1,
        null,
        1,
        1,
        1,
        1,
        null,
        19,
        1,
        null,
        1,
        null,
        null,
        1,
        0,
        null,
        null,
        1,
        0,
        null,
        null,
        1,
        0,
        0,
        0,
        null,
        0,
        null,
        null,
        null,
        1,
        6,
        null,
        null,
        1,
        6,
        null,
        null,
        1,
        6,
        null,
        null,
        1,
        6,
        null,
        null,
        null,
        null,
        null
      ],
      "/home/vagrant/rails/ecm/ecm/ecm_sliders2_backend/config/routes.rb": [
        1,
        1,
        1,
        1,
        null,
        null,
        1,
        null
      ],
      "/home/vagrant/rails/ecm/ecm/ecm_sliders2/config/routes.rb": [
        1,
        1,
        1,
        null,
        null,
        null
      ],
      "/home/vagrant/rails/ecm/ecm/ecm_user_area2_backend/config/routes.rb": [
        1,
        1,
        null,
        null,
        1,
        1,
        null,
        null,
        1,
        null,
        1,
        null
      ],
      "/home/vagrant/rails/ecm/ecm/ecm_user_area2/config/routes.rb": [
        1,
        1,
        1,
        1,
        1,
        1,
        1,
        null,
        1,
        1,
        1,
        null,
        null,
        1,
        null,
        1,
        null,
        null,
        null
      ],
      "/home/vagrant/rails/ecm/ecm/ecm_tags_backend/config/routes.rb": [
        1,
        1,
        1,
        1,
        1,
        null,
        null,
        1,
        null
      ],
      "/home/vagrant/rails/ecm/ecm/ecm_tags/config/routes.rb": [
        1,
        1,
        1,
        1,
        1,
        null,
        null,
        1,
        null,
        1,
        null,
        null,
        null
      ],
      "/home/vagrant/rails/ecm/ecm/ecm_rbac_backend/config/routes.rb": [
        1,
        1,
        1,
        1,
        null,
        1,
        null,
        1,
        null
      ],
      "/home/vagrant/rails/ecm/ecm/ecm_rbac/config/routes.rb": [
        1,
        1,
        1,
        null,
        null,
        null
      ],
      "/home/vagrant/rails/ecm/ecm/ecm_links2_backend/config/routes.rb": [
        1,
        null,
        null,
        1,
        1,
        null,
        1,
        null
      ],
      "/home/vagrant/rails/ecm/ecm/ecm_links2/config/routes.rb": [
        1,
        1,
        1,
        1,
        null,
        null,
        null
      ],
      "/home/vagrant/rails/ecm/ecm/ecm_galleries_backend/config/routes.rb": [
        1,
        1,
        1,
        null,
        null,
        1,
        1,
        1,
        1,
        null,
        null,
        1,
        null
      ],
      "/home/vagrant/rails/ecm/ecm/ecm_galleries/config/routes.rb": [
        1,
        1,
        1,
        1,
        1,
        null,
        null,
        null,
        null
      ],
      "/home/vagrant/rails/ecm/ecm/ecm_files_backend/config/routes.rb": [
        1,
        1,
        1,
        null,
        null,
        1,
        1,
        1,
        1,
        1,
        null,
        null,
        1,
        1,
        null,
        null,
        1,
        null
      ],
      "/home/vagrant/rails/ecm/ecm/ecm_files/config/routes.rb": [
        1,
        1,
        1,
        1,
        null,
        null,
        null
      ],
      "/home/vagrant/rails/ecm/ecm/ecm_contact2_backend/config/routes.rb": [
        1,
        1,
        1,
        null,
        null,
        1,
        null
      ],
      "/home/vagrant/rails/ecm/ecm/ecm_contact2/config/routes.rb": [
        1,
        1,
        1,
        1,
        null,
        1,
        null,
        null,
        null
      ],
      "/home/vagrant/rails/ecm/ecm/ecm_cms2_backend/config/routes.rb": [
        1,
        1,
        1,
        null,
        null,
        null,
        null,
        null,
        null,
        null,
        null,
        null,
        null,
        1,
        1,
        1,
        1,
        null,
        1,
        1,
        1,
        null,
        1,
        null
      ],
      "/home/vagrant/rails/ecm/ecm/ecm_cms2/config/routes.rb": [
        1,
        1,
        1,
        1,
        null,
        null
      ],
      "/home/vagrant/rails/ecm/ecm/ecm_carousels_backend/config/routes.rb": [
        1,
        1,
        1,
        1,
        null,
        null,
        1,
        null
      ],
      "/home/vagrant/rails/ecm/ecm/ecm_core_backend/config/routes.rb": [
        1,
        null,
        null,
        null,
        null,
        null,
        null,
        null,
        null
      ],
      "/home/vagrant/rails/ecm/ecm/ecm_carousels/config/routes.rb": [
        1,
        1,
        1,
        null,
        null,
        null
      ],
      "/home/vagrant/rails/ecm/ecm/ecm_core/config/routes.rb": [
        1,
        null,
        null,
        null,
        null
      ],
      "/home/vagrant/rails/gems/administrador/config/routes.rb": [
        1,
        1,
        null,
        null,
        null,
        null,
        null,
        null
      ],
      "/home/vagrant/rails/ecm/ecm/ecm_blog_backend/config/routes.rb": [
        1,
        1,
        1,
        1,
        null,
        1,
        1,
        null,
        null,
        1,
        null
      ],
      "/home/vagrant/rails/ecm/ecm/ecm_blog/config/routes.rb": [
        1,
        1,
        1,
        1,
        1,
        1,
        1,
        1,
        null,
        null,
        1,
        null,
        null,
        null
      ],
      "/home/vagrant/rails/ecm/ecm/ecm_blog/app/models/ecm/blog/asset_detail.rb": [
        1,
        1,
        1,
        1,
        null,
        1,
        null,
        1,
        1,
        null,
        1,
        1,
        null,
        null,
        1,
        0,
        null,
        null,
        null
      ],
      "/home/vagrant/rails/ecm/ecm/ecm_blog/app/models/ecm/blog/post.rb": [
        1,
        1,
        1,
        1,
        null,
        null,
        1,
        1,
        null,
        null,
        1,
        171,
        null,
        null,
        1,
        null,
        null,
        1,
        1,
        null,
        1,
        1,
        null,
        1,
        null,
        1,
        9,
        null,
        null,
        1,
        1,
        13,
        null,
        0,
        null,
        13,
        null,
        null,
        null,
        1,
        null,
        1,
        0,
        null,
        null,
        null,
        1,
        null,
        1,
        1,
        null,
        1,
        1,
        1,
        1,
        null,
        null,
        1,
        3,
        null,
        null,
        1,
        null,
        1,
        12,
        0,
        null,
        null,
        null,
        1,
        12,
        2,
        null,
        null,
        null,
        1,
        2,
        null,
        null,
        null,
        1,
        null,
        1,
        1,
        null,
        1,
        0,
        null,
        null,
        null,
        1,
        null,
        null
      ],
      "/home/vagrant/rails/ecm/ecm/ecm_tags/app/concerns/model/ecm/tags/taggable_concern.rb": [
        1,
        1,
        1,
        1,
        1,
        null,
        1,
        1,
        null,
        null,
        null,
        null,
        null
      ],
      "/home/vagrant/rails/ecm/ecm/ecm_cms2/app/models/ecm/cms/content_box.rb": [
        1,
        1,
        null,
        1,
        null,
        null,
        null,
        1,
        null,
        null,
        1,
        null,
        null
      ],
      "/home/vagrant/rails/ecm/ecm/ecm_cms2/app/models/ecm/cms/folder.rb": [
        1,
        null,
        1,
        null,
        null,
        null,
        1,
        null,
        null,
        null,
        1,
        null,
        null,
        null,
        null,
        null,
        1,
        1,
        null
      ],
      "/home/vagrant/rails/ecm/ecm/ecm_cms2/app/models/ecm/cms/navigation_item.rb": [
        1,
        null,
        1,
        1,
        1,
        null,
        null,
        1,
        null,
        null,
        1,
        null,
        null,
        null,
        null,
        null,
        1,
        null,
        null,
        10,
        10,
        1,
        null,
        null,
        220,
        null,
        null,
        1,
        1,
        1,
        1,
        null,
        1,
        0,
        0,
        0,
        0,
        0,
        0,
        0,
        0,
        0,
        null,
        null,
        1,
        0,
        0,
        null,
        0,
        null,
        null,
        null,
        1,
        0,
        null,
        null,
        1,
        0,
        0,
        null,
        null,
        1,
        7,
        null,
        null,
        1,
        null,
        0,
        0,
        null,
        null,
        1,
        null,
        1,
        0,
        0,
        null,
        0,
        null,
        null,
        null,
        1,
        0,
        null,
        null,
        1,
        0,
        null,
        null,
        null
      ],
      "/home/vagrant/rails/ecm/ecm/ecm_cms2/app/models/concerns/model/ecm/cms/navigation_item/properties_concern.rb": [
        1,
        null,
        1,
        1,
        1,
        null,
        1,
        1,
        1,
        2,
        null,
        null,
        1,
        7,
        null,
        null,
        1,
        null,
        1,
        8,
        null,
        null,
        1,
        null,
        null
      ],
      "/home/vagrant/rails/ecm/ecm/ecm_cms2/app/models/ecm/cms/navigation.rb": [
        1,
        null,
        1,
        null,
        null,
        null,
        null,
        null,
        1,
        null,
        null,
        1,
        null,
        null,
        1,
        null,
        1,
        9,
        null,
        null
      ],
      "/home/vagrant/rails/ecm/ecm/ecm_cms2/app/models/ecm/cms/page.rb": [
        1,
        1,
        null,
        1,
        null,
        null,
        1,
        null,
        null,
        null,
        1,
        null,
        null,
        null,
        null,
        null,
        1,
        null,
        null,
        1,
        null,
        null,
        1,
        null,
        1,
        3,
        null,
        null,
        1,
        8,
        null,
        null,
        null
      ],
      "/home/vagrant/rails/ecm/ecm/ecm_cms2/app/models/ecm/cms/page/content_block.rb": [
        1,
        1,
        null,
        1,
        null,
        1,
        null,
        null,
        null,
        null,
        1,
        null,
        null,
        1,
        1,
        1,
        null,
        null,
        1,
        0,
        null,
        null,
        null
      ],
      "/home/vagrant/rails/ecm/ecm/ecm_cms2/app/models/ecm/cms/partial.rb": [
        1,
        null,
        1,
        null,
        1,
        null,
        null,
        12,
        null,
        1,
        null,
        1,
        10,
        null,
        null
      ],
      "/home/vagrant/rails/ecm/ecm/ecm_cms2/app/models/ecm/cms/template.rb": [
        1,
        null,
        1,
        null,
        null,
        1,
        null,
        null,
        null,
        null,
        null,
        12,
        null,
        1,
        null,
        1,
        10,
        null,
        null
      ],
      "/home/vagrant/rails/ecm/ecm/ecm_carousels/app/models/ecm/carousels/carousel.rb": [
        1,
        1,
        1,
        1,
        null,
        null,
        null,
        null,
        null,
        null,
        null,
        null,
        1,
        null,
        null,
        null,
        null,
        null,
        null,
        null,
        null,
        null,
        1,
        11,
        1,
        null,
        null,
        null,
        null,
        null,
        null,
        1,
        0,
        null,
        null,
        1,
        0,
        null,
        null,
        null,
        null,
        null,
        null,
        null,
        null,
        1,
        1,
        null,
        1,
        1,
        1,
        1,
        null,
        null,
        1,
        null,
        1,
        11,
        0,
        null,
        null,
        null,
        1,
        11,
        0,
        null,
        null,
        null,
        1,
        0,
        null,
        null,
        null,
        1,
        null,
        1,
        1,
        null,
        1,
        0,
        null,
        null,
        1,
        0,
        null,
        null,
        1,
        0,
        null,
        null,
        1,
        0,
        0,
        0,
        null,
        null,
        null,
        1,
        null,
        null,
        null
      ],
      "/home/vagrant/rails/ecm/ecm/ecm_carousels/app/models/ecm/carousels/item_detail.rb": [
        1,
        1,
        1,
        1,
        1,
        null,
        null,
        1,
        null,
        null,
        null,
        null,
        null,
        null,
        null,
        null,
        null,
        null,
        null,
        null,
        null,
        null,
        null,
        null,
        null,
        null,
        null,
        null,
        null,
        null,
        null,
        null,
        null,
        null,
        null,
        null,
        null,
        null,
        null
      ],
      "/home/vagrant/rails/ecm/ecm/ecm_links2/app/models/ecm/links/category.rb": [
        1,
        null,
        1,
        1,
        null,
        16,
        null,
        null,
        1,
        null,
        null,
        1,
        185,
        null,
        null,
        1,
        null,
        null,
        1,
        1,
        null,
        null,
        12,
        12,
        1,
        null,
        1,
        null,
        null,
        1,
        9,
        null,
        null,
        1,
        0,
        null,
        null,
        1,
        0,
        null,
        null,
        1,
        0,
        null,
        null,
        1,
        13,
        13,
        null,
        0,
        null,
        13,
        null,
        null,
        null,
        1,
        13,
        13,
        null,
        0,
        null,
        13,
        null,
        null,
        null,
        1,
        7,
        null,
        null,
        1,
        null,
        1,
        0,
        null,
        0,
        0,
        null,
        0,
        null,
        0,
        null,
        null,
        null,
        1,
        40,
        12,
        null,
        null,
        null,
        null
      ],
      "/home/vagrant/rails/ecm/ecm/ecm_links2/app/models/ecm/links/link.rb": [
        1,
        null,
        1,
        null,
        1,
        null,
        null,
        1,
        null,
        null,
        null,
        null,
        1,
        null,
        null,
        1,
        null,
        null,
        1,
        1,
        1,
        null,
        null,
        1,
        13,
        13,
        null,
        0,
        null,
        13,
        null,
        null,
        null,
        1,
        null,
        1,
        0,
        null,
        0,
        0,
        null,
        0,
        null,
        0,
        null,
        null,
        null,
        1,
        28,
        null,
        null
      ],
      "/home/vagrant/rails/ecm/ecm/ecm_rbac/app/models/ecm/rbac/permission.rb": [
        1,
        null,
        1,
        1,
        1,
        null,
        1,
        null,
        null,
        null,
        null,
        null,
        1,
        1,
        1,
        1,
        null,
        1,
        1,
        null,
        1,
        null,
        1,
        null,
        null,
        1,
        1,
        1,
        null,
        null,
        1,
        null,
        1,
        9,
        null,
        null,
        1,
        null,
        1,
        26,
        14,
        14,
        null,
        null,
        null
      ],
      "/home/vagrant/rails/ecm/ecm/ecm_rbac/app/models/concerns/model/flag_from_time_range_concern.rb": [
        1,
        1,
        1,
        null,
        1,
        1,
        2,
        2,
        null,
        2,
        2,
        2,
        14,
        14,
        null,
        null,
        2,
        30,
        30,
        30,
        null,
        null,
        null,
        null,
        null,
        null
      ],
      "/home/vagrant/rails/ecm/ecm/ecm_rbac/app/models/ecm/rbac/role_permission.rb": [
        1,
        1,
        null,
        1,
        1,
        1,
        1,
        null,
        1,
        1,
        null,
        0,
        null,
        1,
        1,
        null,
        null,
        1,
        1,
        1,
        null,
        null
      ],
      "/home/vagrant/rails/ecm/ecm/ecm_rbac/app/models/ecm/rbac/role.rb": [
        1,
        null,
        1,
        1,
        1,
        null,
        1,
        null,
        null,
        null,
        null,
        null,
        1,
        1,
        null,
        1,
        1,
        null,
        1,
        null,
        1,
        null,
        null,
        1,
        1,
        1,
        null,
        null,
        1,
        null,
        1,
        9,
        null,
        null,
        1,
        null,
        1,
        34,
        17,
        17,
        null,
        null,
        null
      ],
      "/home/vagrant/rails/ecm/ecm/ecm_rbac/app/models/ecm/rbac/user_role.rb": [
        1,
        1,
        null,
        1,
        1,
        null,
        1,
        13,
        null,
        0,
        null,
        1,
        1,
        null,
        null,
        1,
        1,
        1,
        null,
        null
      ],
      "/home/vagrant/rails/ecm/ecm/ecm_tags/app/models/ecm/tags/tagging.rb": [
        1,
        1,
        1,
        null,
        1,
        9,
        null,
        null,
        1,
        2,
        1,
        null,
        1,
        null,
        null,
        null,
        1,
        2,
        1,
        null,
        1,
        null,
        null,
        null,
        null
      ],
      "/home/vagrant/rails/ecm/ecm/ecm_tags/app/models/ecm/tags/tag.rb": [
        1,
        1,
        1,
        null,
        null
      ],
      "/home/vagrant/rails/gems/rao/rao-shoulda_matchers/lib/rao/shoulda/matchers.rb": [
        1,
        1,
        1,
        1,
        1,
        null,
        1,
        1,
        1,
        null,
        null,
        null
      ],
      "/home/vagrant/rails/gems/rao/rao-shoulda_matchers/lib/rao/shoulda/matchers/implement_create_action_matcher.rb": [
        1,
        1,
        1,
        null,
        null,
        null,
        null,
        null,
        null,
        null,
        null,
        null,
        null,
        null,
        null,
        null,
        null,
        null,
        null,
        null,
        null,
        null,
        null,
        null,
        null,
        null,
        null,
        null,
        null,
        null,
        null,
        null,
        null,
        null,
        null,
        null,
        null,
        null,
        null,
        null,
        null,
        null,
        null,
        1,
        18,
        null,
        null,
        1,
        1,
        null,
        1,
        18,
        null,
        null,
        1,
        0,
        0,
        null,
        null,
        1,
        17,
        17,
        null,
        null,
        1,
        17,
        17,
        null,
        null,
        null,
        1,
        17,
        17,
        null,
        null,
        null,
        1,
        17,
        17,
        17,
        null,
        null,
        1,
        0,
        0,
        null,
        null,
        1,
        17,
        null,
        17,
        null,
        17,
        null,
        17,
        17,
        16,
        16,
        null,
        16,
        null,
        16,
        null,
        null,
        1,
        16,
        null,
        null,
        1,
        16,
        null,
        null,
        17,
        null,
        16,
        16,
        null,
        0,
        0,
        null,
        0,
        0,
        0,
        null,
        null,
        null,
        1,
        16,
        16,
        null,
        0,
        0,
        null,
        null,
        null,
        1,
        16,
        16,
        null,
        0,
        0,
        null,
        null,
        null,
        1,
        0,
        null,
        null,
        1,
        0,
        null,
        null,
        1,
        null,
        1,
        17,
        null,
        null,
        null,
        null,
        null
      ],
      "/home/vagrant/rails/gems/rao/rao-shoulda_matchers/lib/rao/shoulda/matchers/implement_show_action_matcher.rb": [
        1,
        1,
        1,
        null,
        null,
        null,
        null,
        null,
        null,
        null,
        null,
        1,
        20,
        null,
        null,
        1,
        1,
        null,
        1,
        20,
        null,
        null,
        null,
        1,
        19,
        19,
        null,
        null,
        1,
        19,
        null,
        null,
        1,
        19,
        null,
        19,
        null,
        19,
        19,
        null,
        null,
        20,
        null,
        19,
        18,
        null,
        1,
        1,
        null,
        0,
        0,
        0,
        null,
        null,
        null,
        1,
        18,
        18,
        null,
        0,
        0,
        null,
        null,
        null,
        1,
        1,
        null,
        null,
        1,
        0,
        null,
        null,
        1,
        null,
        1,
        19,
        null,
        null,
        null,
        null,
        null
      ],
      "/home/vagrant/rails/gems/rao/rao-shoulda_matchers/lib/rao/shoulda/matchers/implement_update_action_matcher.rb": [
        1,
        1,
        1,
        null,
        null,
        null,
        null,
        null,
        null,
        null,
        null,
        null,
        null,
        null,
        null,
        null,
        null,
        null,
        null,
        null,
        null,
        null,
        null,
        null,
        null,
        null,
        null,
        null,
        null,
        null,
        null,
        null,
        null,
        null,
        null,
        null,
        null,
        1,
        16,
        null,
        null,
        1,
        1,
        null,
        1,
        16,
        null,
        null,
        null,
        1,
        15,
        15,
        null,
        null,
        1,
        15,
        15,
        null,
        null,
        1,
        15,
        15,
        null,
        null,
        null,
        1,
        15,
        15,
        15,
        null,
        null,
        1,
        15,
        15,
        null,
        null,
        1,
        30,
        null,
        null,
        1,
        15,
        null,
        15,
        15,
        null,
        15,
        null,
        15,
        null,
        15,
        null,
        15,
        14,
        14,
        null,
        null,
        14,
        null,
        14,
        null,
        null,
        15,
        null,
        14,
        14,
        null,
        0,
        0,
        null,
        0,
        0,
        0,
        null,
        null,
        null,
        1,
        14,
        14,
        null,
        0,
        0,
        null,
        null,
        null,
        1,
        0,
        0,
        0,
        null,
        0,
        0,
        null,
        0,
        0,
        null,
        null,
        0,
        null,
        0,
        0,
        null,
        0,
        0,
        null,
        null,
        null,
        null,
        1,
        14,
        14,
        1,
        null,
        1,
        1,
        null,
        0,
        0,
        null,
        null,
        13,
        null,
        13,
        13,
        null,
        0,
        0,
        null,
        null,
        null,
        null,
        1,
        0,
        null,
        null,
        1,
        0,
        null,
        null,
        1,
        null,
        1,
        15,
        null,
        null,
        null,
        null,
        null
      ],
      "/home/vagrant/rails/gems/rao/rao-shoulda_matchers/lib/rao/shoulda/matchers/implement_delete_action_matcher.rb": [
        1,
        1,
        1,
        null,
        null,
        null,
        null,
        null,
        null,
        null,
        null,
        null,
        null,
        null,
        null,
        null,
        1,
        18,
        null,
        null,
        1,
        1,
        null,
        1,
        18,
        null,
        null,
        null,
        1,
        17,
        17,
        null,
        null,
        1,
        17,
        null,
        null,
        1,
        17,
        17,
        null,
        null,
        1,
        17,
        17,
        null,
        null,
        1,
        17,
        null,
        17,
        17,
        null,
        17,
        null,
        17,
        17,
        16,
        null,
        16,
        null,
        null,
        1,
        34,
        null,
        null,
        17,
        null,
        16,
        16,
        null,
        0,
        0,
        null,
        0,
        0,
        0,
        null,
        null,
        null,
        1,
        16,
        16,
        null,
        0,
        0,
        null,
        null,
        null,
        1,
        16,
        16,
        null,
        0,
        0,
        null,
        null,
        null,
        1,
        0,
        null,
        null,
        1,
        0,
        null,
        null,
        1,
        null,
        1,
        17,
        null,
        null,
        null,
        null,
        null
      ],
      "/home/vagrant/rails/gems/rao/rao-shoulda_matchers/lib/rao/shoulda/matchers/implement_index_action_matcher.rb": [
        1,
        1,
        1,
        null,
        null,
        null,
        null,
        null,
        null,
        null,
        null,
        1,
        19,
        null,
        null,
        1,
        1,
        null,
        1,
        19,
        null,
        null,
        1,
        19,
        null,
        null,
        19,
        19,
        null,
        null,
        20,
        null,
        19,
        18,
        null,
        1,
        1,
        null,
        0,
        0,
        0,
        null,
        null,
        null,
        1,
        18,
        18,
        null,
        0,
        0,
        null,
        null,
        null,
        1,
        1,
        null,
        null,
        1,
        0,
        null,
        null,
        1,
        null,
        1,
        19,
        null,
        null,
        null,
        null,
        null
      ],
      "/home/vagrant/rails/ecm/ecm/ecm_contact2/app/models/ecm/contact/contact_request.rb": [
        1,
        1,
        1,
        1,
        1,
        1,
        1,
        1,
        null,
        1,
        1,
        null,
        1,
        6,
        0,
        0,
        null,
        6,
        null,
        null,
        null,
        null,
        1,
        1,
        11,
        null,
        null,
        1,
        5,
        null,
        null,
        null,
        1,
        1,
        null,
        null
      ],
      "/home/vagrant/rails/ecm/ecm/ecm_files/app/models/ecm/files/file_detail.rb": [
        1,
        1,
        1,
        1,
        null,
        null
      ],
      "/home/vagrant/rails/ecm/ecm/ecm_files/app/models/ecm/files/folder.rb": [
        1,
        1,
        1,
        null,
        1,
        null,
        1,
        null,
        1,
        null,
        1,
        9,
        null,
        null,
        1,
        7,
        null,
        null,
        1,
        1,
        null,
        1,
        1,
        1,
        1,
        null,
        null,
        1,
        null,
        1,
        12,
        0,
        null,
        null,
        null,
        1,
        12,
        1,
        null,
        null,
        null,
        1,
        1,
        null,
        null,
        null,
        1,
        null,
        null
      ],
      "/home/vagrant/rails/ecm/ecm/ecm_galleries/app/models/ecm/galleries/picture_detail.rb": [
        1,
        1,
        1,
        null,
        1,
        1,
        null,
        1,
        null,
        1,
        0,
        null,
        null,
        1,
        1,
        null,
        1,
        0,
        null,
        null,
        null,
        1,
        null,
        null
      ],
      "/home/vagrant/rails/ecm/ecm/ecm_galleries/app/models/ecm/galleries/picture_gallery.rb": [
        1,
        1,
        1,
        null,
        1,
        null,
        1,
        null,
        1,
        null,
        1,
        1,
        null,
        1,
        54,
        1,
        1,
        null,
        null,
        1,
        4,
        null,
        null,
        1,
        1,
        null,
        null,
        1,
        4,
        null,
        null,
        1,
        1,
        3,
        1,
        null,
        null,
        1,
        9,
        null,
        null,
        1,
        null,
        1,
        16,
        3,
        null,
        null,
        null,
        1,
        16,
        4,
        null,
        null,
        null,
        1,
        4,
        null,
        null,
        null,
        1,
        null,
        null,
        1,
        15,
        null,
        null,
        1,
        0,
        null,
        null,
        1,
        1,
        null,
        1,
        6,
        null,
        null,
        null,
        1,
        null,
        null
      ],
      "/home/vagrant/rails/ecm/ecm/ecm_user_area2/app/sessions/ecm/user_area/user_session.rb": [
        1,
        1,
        1,
        1,
        1,
        null,
        null,
        null
      ],
      "/home/vagrant/rails/ecm/ecm/ecm_user_area2/app/sessions/ecm/user_area/session/base.rb": [
        1,
        1,
        1,
        1,
        null,
        null,
        null,
        null
      ],
      "/home/vagrant/rails/ecm/ecm/ecm_user_area2/app/controllers/ecm/user_area/user_sessions_controller.rb": [
        1,
        1,
        1,
        1,
        752,
        null,
        null,
        null,
        null
      ],
      "/home/vagrant/rails/ecm/ecm/ecm_user_area2/app/controllers/ecm/user_area/sessions.rb": [
        1,
        1,
        1,
        null,
        null,
        null
      ],
      "/home/vagrant/rails/ecm/ecm/ecm_user_area2/app/controllers/ecm/user_area/sessions/base_controller.rb": [
        1,
        1,
        1,
        1,
        1,
        1,
        1,
        1,
        1,
        null,
        1,
        1,
        null,
        1,
        94,
        94,
        null,
        null,
        1,
        94,
        null,
        94,
        94,
        94,
        null,
        null,
        0,
        null,
        null,
        null,
        1,
        0,
        0,
        0,
        null,
        null,
        1,
        0,
        null,
        null,
        1,
        null,
        1,
        188,
        0,
        null,
        188,
        null,
        null,
        null,
        null,
        null,
        null
      ],
      "/home/vagrant/rails/gems/rao/rao-resources_controller/app/concerns/rao/resources_controller/resources_concern.rb": [
        1,
        1,
        1,
        null,
        1,
        2,
        null,
        null,
        1,
        1164,
        null,
        null,
        null
      ],
      "/home/vagrant/rails/gems/rao/rao-resources_controller/app/concerns/rao/resources_controller/resource_inflections_concern.rb": [
        1,
        1,
        1,
        null,
        1,
        2,
        null,
        null,
        1,
        null,
        1,
        null,
        null,
        null,
        160,
        null,
        null,
        null
      ],
      "/home/vagrant/rails/gems/rao/rao-resources_controller/app/concerns/rao/resources_controller/rest_resource_urls_concern.rb": [
        1,
        1,
        1,
        null,
        1,
        2,
        2,
        2,
        2,
        null,
        null,
        1,
        null,
        1,
        0,
        null,
        null,
        1,
        50,
        null,
        null,
        1,
        0,
        null,
        null,
        1,
        0,
        null,
        null,
        1,
        50,
        null,
        null,
        null
      ],
      "/home/vagrant/rails/gems/rao/rao-resources_controller/app/concerns/rao/resources_controller/rest_actions_concern.rb": [
        1,
        1,
        1,
        null,
        1,
        2,
        null,
        2,
        2,
        null,
        2,
        2,
        2,
        2,
        2,
        370,
        null,
        0,
        0,
        0,
        0,
        null,
        null,
        null,
        1,
        1,
        1,
        1,
        null,
        1,
        16,
        0,
        null,
        16,
        null,
        null,
        null,
        1,
        16,
        16,
        0,
        null,
        16,
        null,
        null,
        null,
        1,
        16,
        0,
        null,
        16,
        null,
        null,
        null,
        1,
        null,
        1,
        16,
        null,
        null,
        1,
        null,
        null,
        null,
        1,
        34,
        null,
        null,
        1,
        0,
        null,
        null,
        1,
        114,
        null,
        null,
        1,
        114,
        null,
        null,
        1,
        204,
        null,
        null,
        1,
        110,
        null,
        null,
        1,
        0,
        null,
        null,
        null
      ],
      "/home/vagrant/rails/gems/rao/rao-resources_controller/app/concerns/rao/resources_controller/location_history_concern.rb": [
        1,
        1,
        1,
        null,
        1,
        2,
        2,
        null,
        0,
        null,
        null,
        2,
        null,
        null,
        1,
        null,
        1,
        180,
        96,
        96,
        96,
        null,
        null,
        1,
        192,
        null,
        null,
        1,
        0,
        null,
        null,
        1,
        96,
        0,
        0,
        0,
        null,
        0,
        null,
        null,
        null,
        null
      ],
      "/home/vagrant/rails/ecm/ecm/ecm_user_area2/app/models/ecm/user_area/user_password_reset_request.rb": [
        1,
        1,
        1,
        1,
        1,
        1,
        null,
        1,
        null,
        1,
        0,
        null,
        null,
        1,
        94,
        null,
        null,
        1,
        1,
        null,
        1,
        1,
        null,
        1,
        0,
        0,
        0,
        0,
        null,
        null,
        1,
        null,
        1,
        0,
        null,
        null,
        1,
        0,
        null,
        null,
        null,
        null
      ],
      "/home/vagrant/rails/ecm/ecm/ecm_cms2/app/controllers/ecm/cms/page_controller.rb": [
        1,
        null,
        1,
        1,
        null,
        null,
        1,
        99,
        94,
        null,
        5,
        5,
        5,
[...]
        1,
        1,
        285,
        null,
        null,
        1,
        null,
        1,
        null,
        1,
        null,
        null
      ],
      "/home/vagrant/rails/ecm/ecm/ecm_cms2_backend/app/controllers/ecm/cms/backend/pages_controller.rb": [
        1,
        1,
        285,
        null,
        null,
        1,
        null,
        1,
        null,
        1,
        null,
        null
      ],
      "/home/vagrant/rails/ecm/ecm/ecm_cms2_backend/app/controllers/ecm/cms/backend/partials_controller.rb": [
        1,
        1,
        291,
        null,
        null,
        1,
        null,
        1,
        null,
        2,
        null,
        null
      ],
      "/home/vagrant/rails/ecm/ecm/ecm_cms2_backend/app/controllers/ecm/cms/backend/templates_controller.rb": [
        1,
        1,
        291,
        null,
        null,
        1,
        null,
        1,
        null,
        2,
        null,
        null
      ],
      "/home/vagrant/rails/ecm/ecm/ecm_cms2_backend/app/controllers/ecm/cms/backend/add_homepages_service_controller.rb": [
        1,
        1,
        1,
        132,
        null,
        null,
        1,
        null,
        1,
        0,
        null,
        null,
        null
      ],
      "/home/vagrant/rails/ecm/ecm/ecm_core_backend/app/controllers/ecm/core/backend/service_controller/base.rb": [
        1,
        1,
        1,
        1,
        1,
        null,
        null,
        null,
        null,
        null,
        null,
        null,
        null
      ],
      "/home/vagrant/rails/gems/administrador/app/controllers/administrador/service_controller/base.rb": [
        1,
        1,
        1,
        1,
        null,
        null,
        null
      ],
      "/home/vagrant/rails/gems/administrador/app/concerns/administrador/controller/service_concern.rb": [
        1,
        1,
        1,
        1,
        null,
        1,
        1,
        1,
        1,
        1,
        null,
        1,
        1,
        null,
        null,
        null,
        null
      ],
      "/home/vagrant/rails/ecm/ecm/ecm_cms2_backend/app/controllers/ecm/cms/backend/import_partials_service_controller.rb": [
        1,
        1,
        1,
        132,
        null,
        null,
        1,
        null,
        1,
        0,
        null,
        null,
        null
      ],
      "/home/vagrant/rails/ecm/ecm/ecm_cms2/app/services/ecm/cms/add_homepages_service.rb": [
        1,
        1,
        1,
        null,
        null,
        1,
        null,
        1,
        null,
        1,
        0,
        0,
        null,
        0,
        null,
        0,
        0,
        0,
        0,
        null,
        null,
        1,
        0,
        0,
        0,
        0,
        0,
        null,
        null,
        null,
        1,
        null,
        1,
        0,
        null,
        null,
        1,
        0,
        null,
        null,
        1,
        0,
        0,
        0,
        0,
        0,
        0,
        0,
        null,
        0,
        0,
        0,
        0,
        0,
        0,
        0,
        0,
        null,
        0,
        0,
        0,
        null,
        0,
        0,
        0,
        null,
        0,
        null,
        null,
        null,
        null
      ],
      "/home/vagrant/rails/ecm/ecm/ecm_cms2/app/services/ecm/cms/import_partials_service.rb": [
        1,
        1,
        1,
        null,
        null,
        1,
        1,
        0,
        0,
        null,
        null,
        1,
        0,
        null,
        null,
        1,
        0,
        null,
        null,
        1,
        0,
        0,
        0,
        null,
        null,
        null,
        1,
        0,
        0,
        null,
        null,
        1,
        0,
        0,
        0,
        null,
        null,
        null,
        1,
        0,
        null,
        null,
        1,
        null,
        null,
        null,
        null,
        null,
        null,
        null,
        0,
        null,
        null,
        1,
        0,
        null,
        null,
        1,
        null,
        1,
        0,
        null,
        null,
        1,
        null,
        null,
        1,
        null,
        1,
        null,
        1,
        0,
        0,
        null,
        null,
        1,
        0,
        0,
        0,
        0,
        0,
        0,
        0,
        0,
        0,
        0,
        0,
        null,
        0,
        null,
        null,
        null,
        null,
        1,
        0,
        0,
        null,
        0,
        null,
        null,
        null,
        1,
        null,
        1,
        0,
        0,
        0,
        null,
        null,
        1,
        0,
        null,
        null,
        1,
        0,
        null,
        null,
        1,
        0,
        null,
        null,
        null
      ],
      "/home/vagrant/rails/ecm/ecm/ecm_contact2_backend/app/controllers/ecm/contact/backend/contact_requests_controller.rb": [
        1,
        1,
        1,
        1,
        1,
        270,
        null,
        null,
        1,
        142,
        null,
        null,
        1,
        null,
        1,
        0,
        null,
        null,
        1,
        0,
        null,
        null,
        1,
        1,
        0,
        0,
        0,
        null,
        null,
        null,
        1,
        null,
        null,
        null,
        null
      ],
      "/home/vagrant/rails/ecm/ecm/ecm_files_backend/app/controllers/ecm/files/backend/folders_controller.rb": [
        1,
        1,
        1,
        1,
        1,
        null,
        1,
        287,
        null,
        null,
        1,
        null,
        1,
        2,
        null,
        null,
        null,
        null,
        null
      ],
      "/home/vagrant/rails/ecm/ecm/ecm_files_backend/app/controllers/ecm/files/backend/file_details_controller.rb": [
        1,
        1,
        1,
        1,
        1,
        null,
        1,
        null,
        1,
        264,
        null,
        null,
        1,
        null,
        1,
        0,
        null,
        null,
        null,
        null,
        null
      ],
      "/home/vagrant/rails/ecm/ecm/ecm_galleries_backend/app/controllers/ecm/galleries/backend/picture_galleries_controller.rb": [
        1,
        1,
        1,
        1,
        1,
        null,
        1,
        null,
        1,
        297,
        null,
        null,
        1,
        null,
        1,
        4,
        null,
        null,
        null,
        null,
        null
      ],
      "/home/vagrant/rails/ecm/ecm/ecm_galleries_backend/app/controllers/ecm/galleries/backend/picture_details_controller.rb": [
        1,
        1,
        1,
        1,
        null,
        null,
        null,
        null,
        null,
        null,
        1,
        null,
        1,
        264,
        null,
        null,
        1,
        132,
        null,
        null,
        1,
        null,
        1,
        0,
        0,
        null,
        null,
        1,
        0,
        null,
        null,
        1,
        0,
        null,
        null,
        null,
        null,
        null
      ],
      "/home/vagrant/rails/ecm/ecm/ecm_links2_backend/app/controllers/ecm/links/backend/categories_controller.rb": [
        1,
        1,
        1,
        1,
        1,
        287,
        null,
        null,
        1,
        null,
        1,
        null,
        null,
        2,
        null,
        null,
        null,
        null,
        null
      ],
      "/home/vagrant/rails/ecm/ecm/ecm_links2_backend/app/controllers/ecm/links/backend/links_controller.rb": [
        1,
        1,
        1,
        1,
        1,
        291,
        null,
        null,
        1,
        null,
        1,
        null,
        null,
        2,
        null,
        null,
        null,
        null,
        null
      ],
      "/home/vagrant/rails/ecm/ecm/ecm_rbac_backend/app/controllers/ecm/rbac/backend/users_controller.rb": [
        1,
        1,
        1,
        1,
        1,
        275,
        null,
        null,
        1,
        145,
        null,
        null,
        1,
        null,
        1,
        1,
        null,
        null,
        null,
        null,
        null
      ],
      "/home/vagrant/rails/ecm/ecm/ecm_rbac_backend/app/controllers/ecm/rbac/backend/roles_controller.rb": [
        1,
        1,
        1,
        1,
        1,
        287,
        null,
        null,
        1,
        null,
        1,
        2,
        null,
        null,
        null,
        null,
        null
      ],
      "/home/vagrant/rails/ecm/ecm/ecm_rbac_backend/app/controllers/ecm/rbac/backend/permissions_controller.rb": [
        1,
        1,
        1,
        1,
        1,
        287,
        null,
        null,
        1,
        null,
        1,
        28,
        null,
        null,
        null,
        null,
        null
      ],
      "/home/vagrant/rails/ecm/ecm/ecm_rbac_backend/app/controllers/ecm/rbac/backend/import_default_permissions_service_controller.rb": [
        1,
        1,
        1,
        1,
        null,
        1,
        132,
        null,
        null,
        1,
        null,
        1,
        0,
        null,
        null,
        1,
        0,
        0,
        0,
        0,
        null,
        null,
        0,
        null,
        null,
        1,
        0,
        null,
        null,
        null,
        null
      ],
      "/home/vagrant/rails/ecm/ecm/ecm_rbac/app/services/ecm/rbac/import_default_permissions_service.rb": [
        null,
        1,
        null,
        1,
        1,
        null,
        null,
        null,
        null,
        null,
        null,
        null,
        null,
        null,
        null,
        null,
        null,
        null,
        null,
        null,
        null,
        null,
        null,
        null,
        null,
        null,
        null,
        null,
        null,
        null,
        null,
        null,
        1,
        1,
        1,
        null,
        null,
        1,
        null,
        1,
        null,
        1,
        null,
        null,
        null,
        null,
        null,
        null,
        null,
        null,
        0,
        0,
        null,
        0,
        0,
        null,
        0,
        0,
        0,
        null,
        null,
        1,
        null,
        1,
        0,
        null,
        null,
        1,
        0,
        0,
        0,
        null,
        null,
        0,
        0,
        null,
        null,
        1,
        0,
        0,
        0,
        null,
        null,
        0,
        0,
        null,
        null,
        1,
        0,
        0,
        0,
        0,
        null,
        0,
        0,
        null,
        null,
        null,
        0,
        0,
        null,
        null,
        1,
        0,
        0,
        null,
        null,
        1,
        0,
        0,
        null,
        null,
        1,
        0,
        0,
        0,
        0,
        null,
        0,
        0,
        null,
        null,
        null,
        1,
        0,
        0,
        0,
        0,
        null,
        null,
        0,
        0,
        0,
        null,
        null,
        0,
        0,
        0,
        null,
        null,
        null,
        0,
        0,
        0,
        null,
        null,
        0,
        null,
        null,
        null,
        null
      ],
      "/home/vagrant/rails/ecm/ecm/ecm_rbac/lib/active_model/validations/file_readability_validator.rb": [
        1,
        1,
        1,
        1,
        0,
        0,
        0,
        0,
        null,
        0,
        0,
        0,
        null,
        0,
        0,
        0,
        null,
        0,
        0,
        null,
        null,
        null,
        null,
        null,
        null
      ],
      "/home/vagrant/rails/ecm/ecm/ecm_rbac/app/services/ecm/rbac/application_service.rb": [
        1,
        1,
        1,
        1,
        null,
        null,
        null,
        null
      ],
      "/home/vagrant/rails/ecm/ecm/ecm_sliders2_backend/app/controllers/ecm/sliders/backend/sliders_controller.rb": [
        1,
        1,
        1,
        264,
        null,
        null,
        1,
        null,
        1,
        0,
        null,
        null,
        1,
        0,
        null,
        null,
        null
      ],
      "/home/vagrant/rails/ecm/ecm/ecm_sliders2_backend/app/controllers/ecm/sliders/backend/items_controller.rb": [
        1,
        1,
        1,
        1,
        null,
        1,
        264,
        null,
        null,
        1,
        null,
        1,
        0,
        null,
        null,
        1,
        0,
        null,
        null,
        null
      ],
      "/home/vagrant/rails/ecm/ecm/ecm_sliders2/app/models/ecm/sliders/slider.rb": [
        1,
        null,
        1,
        null,
        null,
        null,
        1,
        null,
        null,
        1,
        null,
        null,
        1,
        null,
        null,
        1,
        1,
        null,
        null,
        1,
        0,
        1,
        null,
        null,
        1,
        0,
        null,
        null,
        1,
        0,
        null,
        null,
        1,
        null,
        1,
        0,
        0,
        null,
        null,
        null
      ],
      "/home/vagrant/rails/ecm/ecm/ecm_sliders2/app/models/ecm/sliders/item.rb": [
        1,
        1,
        1,
        null,
        1,
        null,
        null,
        1,
        null,
        null,
        1,
        null,
        null,
        1,
        null,
        null,
        1,
        null,
        null,
        1,
        1,
        1,
        null,
        null,
        1,
        0,
        null,
        null,
        1,
        null,
        1,
        0,
        null,
        null,
        null,
        null
      ],
      "/home/vagrant/rails/ecm/ecm/ecm_user_area2_backend/app/controllers/ecm/user_area/backend/create_default_user_service_controller.rb": [
        1,
        1,
        1,
        132,
        null,
        null,
        1,
        null,
        1,
        0,
        null,
        null,
        null
      ],
      "/home/vagrant/rails/ecm/ecm/ecm_user_area2/app/services/ecm/user_area/create_default_user_service.rb": [
        1,
        1,
        1,
        1,
        1,
        null,
        null,
        1,
        0,
        null,
        null,
        1,
        null,
        1,
        0,
        0,
        0,
        null,
        0,
        null,
        0,
        null,
        null,
        1,
        null,
        null,
        null,
        null,
        null,
        null,
        null,
        0,
        null,
        null,
        null,
        null
      ],
      "/home/vagrant/rails/ecm/ecm/ecm_user_area2/app/services/ecm/user_area/application_service.rb": [
        1,
        1,
        1,
        1,
        null,
        null,
        null,
        null
      ],
      "/home/vagrant/rails/gems/rao/rao-component/app/components/rao/component/resource_table.rb": [
        1,
        1,
        null,
        null,
        null,
        null,
        null,
        null,
        null,
        null,
        null,
        1,
        1,
        1,
        1,
        null,
        1,
        null,
        null,
        null,
        null,
        1,
        66,
        null,
        null,
        1,
        null,
        1,
        66,
        66,
        66,
        66,
        null,
        null,
        1,
        520,
        520,
        520,
        null,
        null,
        1,
        4,
        null,
        null,
        1,
        94,
        94,
        null,
        null,
        1,
        32,
        32,
        null,
        null,
        1,
        12,
        12,
        null,
        null,
        1,
        null,
        1,
        null,
        null,
        null,
        null,
        null,
        66,
        null,
        null,
        1,
        66,
        66,
        66,
        66,
        66,
        66,
        66,
        66,
        null,
        null,
        1,
        66,
        null,
        null,
        1,
        66,
        null,
        null,
        1,
        66,
        null,
        null,
        1,
        66,
        null,
        null,
        1,
        66,
        null,
        null,
        null,
        null
      ],
      "/home/vagrant/rails/gems/rao/rao-component/app/concerns/rao/component/resource_table/boolean_concern.rb": [
        1,
        1,
        1,
        1,
        null,
        1,
        8,
        8,
        null,
        null,
        null,
        null
      ],
      "/home/vagrant/rails/gems/rao/rao-component/app/concerns/rao/component/resource_table/date_concern.rb": [
        1,
        1,
        1,
        1,
        null,
        1,
        0,
        0,
        null,
        null,
        null,
        null
      ],
      "/home/vagrant/rails/gems/rao/rao-component/app/concerns/rao/component/resource_table/email_concern.rb": [
        1,
        1,
        1,
        1,
        null,
        1,
        0,
        0,
        null,
        null,
        null,
        null
      ],
      "/home/vagrant/rails/ecm/ecm/ecm_contact2/app/jobs/ecm/contact/notify_new_contact_request_job.rb": [
        1,
        1,
        1,
        null,
        1,
        5,
        5,
        5,
        null,
        null,
        1,
        null,
        1,
        5,
        null,
        null,
        1,
        5,
        null,
        null,
        1,
        5,
        null,
        null,
        null
      ],
      "/home/vagrant/rails/ecm/ecm/ecm_contact2/app/jobs/ecm/contact/application_job.rb": [
        1,
        1,
        1,
        null,
        null,
        null
      ],
      "/home/vagrant/rails/ecm/ecm/ecm_contact2/app/mailers/ecm/contact/contact_request_mailer.rb": [
        1,
        1,
        null,
        null,
        null,
        null,
        null,
        null,
        1,
        5,
        null,
        5,
        null,
        null,
        null,
        null,
        1,
        null,
        1,
        5,
        null,
        null,
        1,
        5,
        null,
        null,
        1,
        10,
        null,
        null,
        null
      ],
      "/home/vagrant/rails/ecm/ecm/ecm_contact2/app/mailers/ecm/contact/application_mailer.rb": [
        1,
        1,
        1,
        1,
        1,
        null,
        null,
        null
      ],
      "/home/vagrant/rails/ecm/ecm/ecm_tags_backend/app/controllers/ecm/tags/backend/taggings_controller.rb": [
        1,
        1,
        1,
        null,
        1,
        23,
        null,
        null,
        1,
        0,
        0,
        0,
        null,
        0,
        0,
        null,
        null,
        null,
        1,
        0,
        0,
        0,
        null,
        0,
        0,
        null,
        null,
        null,
        1,
        null,
        1,
        2,
        2,
        null,
        2,
        2,
        null,
        null,
        1,
        0,
        null,
        null,
        1,
        0,
        null,
        null,
        1,
        2,
        null,
        null,
        null
      ],
      "/home/vagrant/rails/ecm/ecm/ecm_tags_backend/app/controllers/ecm/tags/backend/tags_controller.rb": [
        1,
        1,
        1,
        29,
        null,
        null,
        1,
        null,
        1,
        null,
        1,
        2,
        null,
        null,
        null
      ],
      "/home/vagrant/rails/ecm/ecm/ecm_suite/lib/ecm/suite/version.rb": [
        0,
        null,
        0,
        0,
        0,
        0,
        0
      ]
    },
    "timestamp": 1551448631
  }
}
